2024-09-08 13:27:23.218 | INFO     | __main__:setup_logging:30 - Logging initialized.
2024-09-08 13:27:23.218 | INFO     | __main__:analyze_tickers:57 - Starting stock analysis in production mode.
2024-09-08 13:27:23.218 | INFO     | __main__:analyze_tickers:75 - Processing ticker: AAPL
2024-09-08 13:29:27.229 | INFO     | __main__:analyze_data:34 - Starting feature extraction for AAPL in production mode.
2024-09-08 13:29:27.230 | INFO     | sentimental_cap_predictor.features:generate_predictions:46 - Starting prediction process for ticker: 14 in train_test mode
2024-09-08 13:29:27.232 | ERROR    | __main__:analyze_data:39 - Failed to extract features for AAPL: 'str' object has no attribute 'empty'
2024-09-08 13:29:27.235 | INFO     | __main__:analyze_tickers:75 - Processing ticker: GOOGL
2024-09-08 13:30:21.485 | INFO     | __main__:analyze_data:34 - Starting feature extraction for GOOGL in production mode.
2024-09-08 13:30:21.486 | INFO     | sentimental_cap_predictor.features:generate_predictions:46 - Starting prediction process for ticker: 14 in train_test mode
2024-09-08 13:30:21.488 | ERROR    | __main__:analyze_data:39 - Failed to extract features for GOOGL: 'str' object has no attribute 'empty'
2024-09-08 13:30:21.489 | INFO     | __main__:analyze_tickers:83 - Stock analysis completed in 178.27 seconds.
2024-09-08 13:34:38.366 | INFO     | __main__:setup_logging:37 - Logging initialized with level: DEBUG
2024-09-08 13:34:38.370 | INFO     | __main__:analyze_tickers:64 - Starting stock analysis in production mode.
2024-09-08 13:34:38.372 | INFO     | __main__:analyze_tickers:82 - Processing ticker: AAPL
2024-09-08 13:36:39.675 | INFO     | __main__:analyze_data:41 - Starting feature extraction for AAPL in production mode.
2024-09-08 13:36:39.676 | INFO     | sentimental_cap_predictor.features:generate_predictions:46 - Starting prediction process for ticker: 14 in train_test mode
2024-09-08 13:36:39.679 | ERROR    | __main__:analyze_data:46 - Failed to extract features for AAPL: 'str' object has no attribute 'empty'
2024-09-08 13:36:39.681 | INFO     | __main__:analyze_tickers:82 - Processing ticker: GOOGL
2024-09-08 13:37:32.248 | INFO     | __main__:analyze_data:41 - Starting feature extraction for GOOGL in production mode.
2024-09-08 13:37:32.250 | INFO     | sentimental_cap_predictor.features:generate_predictions:46 - Starting prediction process for ticker: 14 in train_test mode
2024-09-08 13:37:32.251 | ERROR    | __main__:analyze_data:46 - Failed to extract features for GOOGL: 'str' object has no attribute 'empty'
2024-09-08 13:37:32.251 | INFO     | __main__:analyze_tickers:90 - Stock analysis completed in 173.88 seconds.
2024-09-08 13:39:30.151 | INFO     | __main__:setup_logging:39 - Logging initialized with level: DEBUG
2024-09-08 13:39:30.151 | INFO     | __main__:analyze_tickers:91 - Starting stock analysis in production mode.
2024-09-08 13:39:30.151 | INFO     | __main__:analyze_tickers:109 - Processing ticker: AAPL
2024-09-08 13:41:29.488 | INFO     | __main__:analyze_data:44 - Starting price data loading for AAPL
2024-09-08 13:41:29.506 | INFO     | __main__:analyze_data:47 - Loaded price data from D:\Programming Projects\CAP\sentimental_cap_predictor\sentimental_cap_predictor\data\raw\AAPL.feather, shape: (252, 8)
2024-09-08 13:41:29.506 | INFO     | __main__:analyze_data:54 - Starting news data loading for AAPL
2024-09-08 13:41:29.530 | INFO     | __main__:analyze_data:57 - Loaded news data from D:\Programming Projects\CAP\sentimental_cap_predictor\sentimental_cap_predictor\data\raw\AAPL_news.feather, shape: (100, 9)
2024-09-08 13:41:29.532 | INFO     | __main__:analyze_data:64 - Starting prediction process for AAPL in production mode.
2024-09-08 13:41:29.533 | INFO     | sentimental_cap_predictor.features:generate_predictions:46 - Starting prediction process for ticker: AAPL in production mode
2024-09-08 13:41:29.533 | INFO     | sentimental_cap_predictor.features:generate_predictions:52 - Price DataFrame before preprocessing:
2024-09-08 13:41:29.533 | INFO     | sentimental_cap_predictor.features:print_nan_info:40 - After loading data: 0 NaN values.
2024-09-08 13:41:29.539 | INFO     | sentimental_cap_predictor.features:print_nan_info:41 -                        date        open        high         low       close     volume  dividends  stock_splits
0 2023-09-07 00:00:00-04:00  174.288133  177.302721  172.656483  176.656021  112488800        0.0           0.0
1 2023-09-08 00:00:00-04:00  177.442021  179.322398  176.884859  177.272873   65551300        0.0           0.0
2 2023-09-11 00:00:00-04:00  179.153261  179.382086  176.437149  178.446869   58953100        0.0           0.0
3 2023-09-12 00:00:00-04:00  178.576213  179.212954  173.929990  175.402451   90370200        0.0           0.0
4 2023-09-13 00:00:00-04:00  175.611368  176.397355  173.094250  173.323090   84267900        0.0           0.0
2024-09-08 13:41:29.557 | INFO     | sentimental_cap_predictor.features:print_nan_info:42 - Datetime index range after loading data: 0 to 251
2024-09-08 13:41:29.569 | INFO     | sentimental_cap_predictor.features:generate_predictions:58 - MinMax scaling applied to 'close' prices.
2024-09-08 13:41:29.569 | INFO     | sentimental_cap_predictor.features:print_nan_info:40 - After scaling_close_prices: 0 NaN values.
2024-09-08 13:41:29.569 | INFO     | sentimental_cap_predictor.features:print_nan_info:41 -                        date        open        high         low     close     volume  dividends  stock_splits
0 2023-09-07 00:00:00-04:00  174.288133  177.302721  172.656483  0.172521  112488800        0.0           0.0
1 2023-09-08 00:00:00-04:00  177.442021  179.322398  176.884859  0.181338   65551300        0.0           0.0
2 2023-09-11 00:00:00-04:00  179.153261  179.382086  176.437149  0.198118   58953100        0.0           0.0
3 2023-09-12 00:00:00-04:00  178.576213  179.212954  173.929990  0.154604   90370200        0.0           0.0
4 2023-09-13 00:00:00-04:00  175.611368  176.397355  173.094250  0.124882   84267900        0.0           0.0
2024-09-08 13:41:29.590 | INFO     | sentimental_cap_predictor.features:print_nan_info:42 - Datetime index range after scaling_close_prices: 0 to 251
2024-09-08 13:41:29.596 | INFO     | sentimental_cap_predictor.features:print_nan_info:40 - After clean_data: 0 NaN values.
2024-09-08 13:41:29.598 | INFO     | sentimental_cap_predictor.features:print_nan_info:41 -                        date        open        high         low     close     volume  dividends  stock_splits
0 2023-09-07 00:00:00-04:00  174.288133  177.302721  172.656483  0.172521  112488800        0.0           0.0
1 2023-09-08 00:00:00-04:00  177.442021  179.322398  176.884859  0.181338   65551300        0.0           0.0
2 2023-09-11 00:00:00-04:00  179.153261  179.382086  176.437149  0.198118   58953100        0.0           0.0
3 2023-09-12 00:00:00-04:00  178.576213  179.212954  173.929990  0.154604   90370200        0.0           0.0
4 2023-09-13 00:00:00-04:00  175.611368  176.397355  173.094250  0.124882   84267900        0.0           0.0
2024-09-08 13:41:29.613 | INFO     | sentimental_cap_predictor.features:print_nan_info:42 - Datetime index range after clean_data: 0 to 251
2024-09-08 13:41:29.618 | INFO     | sentimental_cap_predictor.features:print_nan_info:40 - After handle_missing_values: 0 NaN values.
2024-09-08 13:41:29.618 | INFO     | sentimental_cap_predictor.features:print_nan_info:41 -                        date        open        high         low     close     volume  dividends  stock_splits
0 2023-09-07 00:00:00-04:00  174.288133  177.302721  172.656483  0.172521  112488800        0.0           0.0
1 2023-09-08 00:00:00-04:00  177.442021  179.322398  176.884859  0.181338   65551300        0.0           0.0
2 2023-09-11 00:00:00-04:00  179.153261  179.382086  176.437149  0.198118   58953100        0.0           0.0
3 2023-09-12 00:00:00-04:00  178.576213  179.212954  173.929990  0.154604   90370200        0.0           0.0
4 2023-09-13 00:00:00-04:00  175.611368  176.397355  173.094250  0.124882   84267900        0.0           0.0
2024-09-08 13:41:29.631 | INFO     | sentimental_cap_predictor.features:print_nan_info:42 - Datetime index range after handle_missing_values: 0 to 251
2024-09-08 13:41:29.633 | INFO     | sentimental_cap_predictor.features:generate_predictions:70 - Performing feature engineering.
2024-09-08 13:41:29.639 | INFO     | sentimental_cap_predictor.features:print_nan_info:40 - After feature_engineering: 0 NaN values.
2024-09-08 13:41:29.639 | INFO     | sentimental_cap_predictor.features:print_nan_info:41 -                         date        open        high         low     close  ...     ma_10     ma_30  diff_close  day_of_week  month
29 2023-10-18 00:00:00-04:00  174.686123  176.675941  174.218514  0.148062  ...  0.179987  0.149693   -0.018629            2     10
30 2023-10-19 00:00:00-04:00  175.143761  176.934600  174.298097  0.142658  ...  0.180769  0.148697   -0.005404            3     10
31 2023-10-20 00:00:00-04:00  174.417500  174.526940  171.761094  0.105969  ...  0.174214  0.146185   -0.036689            4     10
32 2023-10-23 00:00:00-04:00  170.039891  173.124100  169.064870  0.107675  ...  0.165696  0.143170    0.001706            0     10
33 2023-10-24 00:00:00-04:00  172.168993  172.785832  170.577133  0.113933  ...  0.158656  0.141814    0.006257            1     10

[5 rows x 13 columns]
2024-09-08 13:41:29.663 | INFO     | sentimental_cap_predictor.features:print_nan_info:42 - Datetime index range after feature_engineering: 29 to 251
2024-09-08 13:41:29.666 | INFO     | sentimental_cap_predictor.features:print_nan_info:40 - After datetime_conversion: 0 NaN values.
2024-09-08 13:41:29.666 | INFO     | sentimental_cap_predictor.features:print_nan_info:41 -                                  open        high         low     close    volume  ...     ma_10     ma_30  diff_close  day_of_week  month
date                                                                               ...                                                    
2023-10-18 00:00:00-04:00  174.686123  176.675941  174.218514  0.148062  54764400  ...  0.179987  0.149693   -0.018629            2     10
2023-10-19 00:00:00-04:00  175.143761  176.934600  174.298097  0.142658  59302900  ...  0.180769  0.148697   -0.005404            3     10
2023-10-20 00:00:00-04:00  174.417500  174.526940  171.761094  0.105969  64189300  ...  0.174214  0.146185   -0.036689            4     10
2023-10-23 00:00:00-04:00  170.039891  173.124100  169.064870  0.107675  55980100  ...  0.165696  0.143170    0.001706            0     10
2023-10-24 00:00:00-04:00  172.168993  172.785832  170.577133  0.113933  43816600  ...  0.158656  0.141814    0.006257            1     10

[5 rows x 12 columns]
2024-09-08 13:41:29.696 | INFO     | sentimental_cap_predictor.features:print_nan_info:42 - Datetime index range after datetime_conversion: 2023-10-18 00:00:00-04:00 to 2024-09-06 00:00:00-04:00
2024-09-08 13:41:29.699 | INFO     | sentimental_cap_predictor.features:generate_predictions:89 - Frequency set to 'D'.
2024-09-08 13:41:29.705 | INFO     | sentimental_cap_predictor.features:print_nan_info:40 - After frequency_set: 1224 NaN values.
2024-09-08 13:41:29.706 | INFO     | sentimental_cap_predictor.features:print_nan_info:41 -                                  open        high         low     close  ...     ma_30  diff_close  day_of_week  month
date                                                                     ...                                          
2023-10-18 00:00:00-04:00  174.686123  176.675941  174.218514  0.148062  ...  0.149693   -0.018629          2.0   10.0
2023-10-19 00:00:00-04:00  175.143761  176.934600  174.298097  0.142658  ...  0.148697   -0.005404          3.0   10.0
2023-10-20 00:00:00-04:00  174.417500  174.526940  171.761094  0.105969  ...  0.146185   -0.036689          4.0   10.0
2023-10-21 00:00:00-04:00         NaN         NaN         NaN       NaN  ...       NaN         NaN          NaN    NaN
2023-10-22 00:00:00-04:00         NaN         NaN         NaN       NaN  ...       NaN         NaN          NaN    NaN

[5 rows x 12 columns]
2024-09-08 13:41:29.731 | INFO     | sentimental_cap_predictor.features:print_nan_info:42 - Datetime index range after frequency_set: 2023-10-18 00:00:00-04:00 to 2024-09-06 00:00:00-04:00
2024-09-08 13:41:29.739 | INFO     | sentimental_cap_predictor.features:print_nan_info:40 - After interpolate_after_frequency_set: 0 NaN values.
2024-09-08 13:41:29.741 | INFO     | sentimental_cap_predictor.features:print_nan_info:41 -                                  open        high         low     close  ...     ma_30  diff_close  day_of_week  month
date                                                                     ...                                          
2023-10-18 00:00:00-04:00  174.686123  176.675941  174.218514  0.148062  ...  0.149693   -0.018629     2.000000   10.0
2023-10-19 00:00:00-04:00  175.143761  176.934600  174.298097  0.142658  ...  0.148697   -0.005404     3.000000   10.0
2023-10-20 00:00:00-04:00  174.417500  174.526940  171.761094  0.105969  ...  0.146185   -0.036689     4.000000   10.0
2023-10-21 00:00:00-04:00  172.958297  174.059327  170.862353  0.106538  ...  0.145180   -0.023891     2.666667   10.0
2023-10-22 00:00:00-04:00  171.499094  173.591713  169.963611  0.107107  ...  0.144175   -0.011092     1.333333   10.0

[5 rows x 12 columns]
2024-09-08 13:41:29.757 | INFO     | sentimental_cap_predictor.features:print_nan_info:42 - Datetime index range after interpolate_after_frequency_set: 2023-10-18 00:00:00-04:00 to 2024-09-06 00:00:00-04:00
2024-09-08 13:41:29.766 | INFO     | sentimental_cap_predictor.features:generate_predictions:110 - Production mode: preparing to forecast the next 14 days.
2024-09-08 13:41:29.767 | INFO     | sentimental_cap_predictor.features:generate_predictions:120 - Applying Liquid Neural Network for non-linear feature extraction.
2024-09-08 13:41:49.320 | INFO     | sentimental_cap_predictor.features:print_nan_info:40 - After deep_learning_predictions: 4225 NaN values.
2024-09-08 13:41:49.320 | INFO     | sentimental_cap_predictor.features:print_nan_info:41 -                                  open        high         low     close  ...  diff_close  day_of_week  month  LNN_Predictions
2023-10-18 00:00:00-04:00  174.686123  176.675941  174.218514  0.148062  ...   -0.018629     2.000000   10.0              NaN
2023-10-19 00:00:00-04:00  175.143761  176.934600  174.298097  0.142658  ...   -0.005404     3.000000   10.0              NaN
2023-10-20 00:00:00-04:00  174.417500  174.526940  171.761094  0.105969  ...   -0.036689     4.000000   10.0              NaN
2023-10-21 00:00:00-04:00  172.958297  174.059327  170.862353  0.106538  ...   -0.023891     2.666667   10.0              NaN
2023-10-22 00:00:00-04:00  171.499094  173.591713  169.963611  0.107107  ...   -0.011092     1.333333   10.0              NaN

[5 rows x 13 columns]
2024-09-08 13:41:49.345 | INFO     | sentimental_cap_predictor.features:print_nan_info:42 - Datetime index range after deep_learning_predictions: 2023-10-18 00:00:00-04:00 to 2025-07-28 00:00:00-04:00
2024-09-08 13:41:49.347 | INFO     | sentimental_cap_predictor.features:generate_predictions:238 - Inverting MinMax scaling on all columns.
2024-09-08 13:41:49.349 | INFO     | sentimental_cap_predictor.features:generate_predictions:254 - Final DataFrame prepared with shape: (650, 3)
2024-09-08 13:41:49.805 | INFO     | sentimental_cap_predictor.features:generate_predictions:271 - Plot saved to D:\Programming Projects\CAP\sentimental_cap_predictor\sentimental_cap_predictor\data\processed\AAPL_predictions_plot.png
2024-09-08 13:41:50.619 | INFO     | sentimental_cap_predictor.features:generate_predictions:281 - Final predictions saved to D:\Programming Projects\CAP\sentimental_cap_predictor\sentimental_cap_predictor\data\processed\AAPL_final_predictions.csv
2024-09-08 13:41:50.619 | INFO     | __main__:analyze_data:67 - Result DataFrame:
2024-09-08 13:41:50.773 | INFO     | __main__:analyze_data:76 - Completed processing for ticker: AAPL
2024-09-08 13:41:50.773 | INFO     | __main__:analyze_tickers:109 - Processing ticker: GOOGL
2024-09-08 13:42:41.973 | INFO     | __main__:analyze_data:44 - Starting price data loading for GOOGL
2024-09-08 13:42:42.029 | INFO     | __main__:analyze_data:47 - Loaded price data from D:\Programming Projects\CAP\sentimental_cap_predictor\sentimental_cap_predictor\data\raw\GOOGL.feather, shape: (252, 8)
2024-09-08 13:42:42.043 | INFO     | __main__:analyze_data:54 - Starting news data loading for GOOGL
2024-09-08 13:42:42.058 | INFO     | __main__:analyze_data:57 - Loaded news data from D:\Programming Projects\CAP\sentimental_cap_predictor\sentimental_cap_predictor\data\raw\GOOGL_news.feather, shape: (100, 9)
2024-09-08 13:42:42.060 | INFO     | __main__:analyze_data:64 - Starting prediction process for GOOGL in production mode.
2024-09-08 13:42:42.062 | INFO     | sentimental_cap_predictor.features:generate_predictions:46 - Starting prediction process for ticker: GOOGL in production mode
2024-09-08 13:42:42.063 | INFO     | sentimental_cap_predictor.features:generate_predictions:52 - Price DataFrame before preprocessing:
2024-09-08 13:42:42.066 | INFO     | sentimental_cap_predictor.features:print_nan_info:40 - After loading data: 0 NaN values.
2024-09-08 13:42:42.068 | INFO     | sentimental_cap_predictor.features:print_nan_info:41 -                        date        open        high         low       close    volume  dividends  stock_splits
0 2023-09-07 00:00:00-04:00  133.436851  135.424575  132.797585  135.104935  18844300        0.0           0.0
1 2023-09-08 00:00:00-04:00  134.755347  136.503341  134.695418  136.223663  23558300        0.0           0.0
2 2023-09-11 00:00:00-04:00  136.383462  137.322387  135.634322  136.763031  20763400        0.0           0.0
3 2023-09-12 00:00:00-04:00  136.103788  136.713090  135.035023  135.184845  18405500        0.0           0.0
4 2023-09-13 00:00:00-04:00  134.935130  136.743053  133.996206  136.553284  20749500        0.0           0.0
2024-09-08 13:42:42.083 | INFO     | sentimental_cap_predictor.features:print_nan_info:42 - Datetime index range after loading data: 0 to 251
2024-09-08 13:42:42.130 | INFO     | sentimental_cap_predictor.features:generate_predictions:58 - MinMax scaling applied to 'close' prices.
2024-09-08 13:42:42.130 | INFO     | sentimental_cap_predictor.features:print_nan_info:40 - After scaling_close_prices: 0 NaN values.
2024-09-08 13:42:42.130 | INFO     | sentimental_cap_predictor.features:print_nan_info:41 -                        date        open        high         low     close    volume  dividends  stock_splits
0 2023-09-07 00:00:00-04:00  133.436851  135.424575  132.797585  0.189081  18844300        0.0           0.0
1 2023-09-08 00:00:00-04:00  134.755347  136.503341  134.695418  0.205260  23558300        0.0           0.0
2 2023-09-11 00:00:00-04:00  136.383462  137.322387  135.634322  0.213060  20763400        0.0           0.0
3 2023-09-12 00:00:00-04:00  136.103788  136.713090  135.035023  0.190237  18405500        0.0           0.0
4 2023-09-13 00:00:00-04:00  134.935130  136.743053  133.996206  0.210026  20749500        0.0           0.0
2024-09-08 13:42:42.149 | INFO     | sentimental_cap_predictor.features:print_nan_info:42 - Datetime index range after scaling_close_prices: 0 to 251
2024-09-08 13:42:42.151 | INFO     | sentimental_cap_predictor.features:print_nan_info:40 - After clean_data: 0 NaN values.
2024-09-08 13:42:42.151 | INFO     | sentimental_cap_predictor.features:print_nan_info:41 -                        date        open        high         low     close    volume  dividends  stock_splits
0 2023-09-07 00:00:00-04:00  133.436851  135.424575  132.797585  0.189081  18844300        0.0           0.0
1 2023-09-08 00:00:00-04:00  134.755347  136.503341  134.695418  0.205260  23558300        0.0           0.0
2 2023-09-11 00:00:00-04:00  136.383462  137.322387  135.634322  0.213060  20763400        0.0           0.0
3 2023-09-12 00:00:00-04:00  136.103788  136.713090  135.035023  0.190237  18405500        0.0           0.0
4 2023-09-13 00:00:00-04:00  134.935130  136.743053  133.996206  0.210026  20749500        0.0           0.0
2024-09-08 13:42:42.166 | INFO     | sentimental_cap_predictor.features:print_nan_info:42 - Datetime index range after clean_data: 0 to 251
2024-09-08 13:42:42.178 | INFO     | sentimental_cap_predictor.features:print_nan_info:40 - After handle_missing_values: 0 NaN values.
2024-09-08 13:42:42.180 | INFO     | sentimental_cap_predictor.features:print_nan_info:41 -                        date        open        high         low     close    volume  dividends  stock_splits
0 2023-09-07 00:00:00-04:00  133.436851  135.424575  132.797585  0.189081  18844300        0.0           0.0
1 2023-09-08 00:00:00-04:00  134.755347  136.503341  134.695418  0.205260  23558300        0.0           0.0
2 2023-09-11 00:00:00-04:00  136.383462  137.322387  135.634322  0.213060  20763400        0.0           0.0
3 2023-09-12 00:00:00-04:00  136.103788  136.713090  135.035023  0.190237  18405500        0.0           0.0
4 2023-09-13 00:00:00-04:00  134.935130  136.743053  133.996206  0.210026  20749500        0.0           0.0
2024-09-08 13:42:42.197 | INFO     | sentimental_cap_predictor.features:print_nan_info:42 - Datetime index range after handle_missing_values: 0 to 251
2024-09-08 13:42:42.199 | INFO     | sentimental_cap_predictor.features:generate_predictions:70 - Performing feature engineering.
2024-09-08 13:42:42.201 | INFO     | sentimental_cap_predictor.features:print_nan_info:40 - After feature_engineering: 0 NaN values.
2024-09-08 13:42:42.209 | INFO     | sentimental_cap_predictor.features:print_nan_info:41 -                         date        open        high         low     close  ...     ma_10     ma_30  diff_close  day_of_week  month
29 2023-10-18 00:00:00-04:00  139.290131  140.558680  137.222512  0.228082  ...  0.232690  0.192457   -0.025423            2     10
30 2023-10-19 00:00:00-04:00  138.341227  139.499901  137.222516  0.225049  ...  0.236561  0.193656   -0.003033            3     10
31 2023-10-20 00:00:00-04:00  137.172577  137.711952  134.925157  0.193993  ...  0.233701  0.193280   -0.031056            4     10
32 2023-10-23 00:00:00-04:00  134.885188  137.502195  133.796441  0.206993  ...  0.230928  0.193078    0.013000            0     10
33 2023-10-24 00:00:00-04:00  137.671991  139.200236  137.262458  0.240360  ...  0.232011  0.194749    0.033367            1     10

[5 rows x 13 columns]
2024-09-08 13:42:42.235 | INFO     | sentimental_cap_predictor.features:print_nan_info:42 - Datetime index range after feature_engineering: 29 to 251
2024-09-08 13:42:42.235 | INFO     | sentimental_cap_predictor.features:print_nan_info:40 - After datetime_conversion: 0 NaN values.
2024-09-08 13:42:42.244 | INFO     | sentimental_cap_predictor.features:print_nan_info:41 -                                  open        high         low     close    volume  ...     ma_10     ma_30  diff_close  day_of_week  month
date                                                                               ...                                                    
2023-10-18 00:00:00-04:00  139.290131  140.558680  137.222512  0.228082  23375000  ...  0.232690  0.192457   -0.025423            2     10
2023-10-19 00:00:00-04:00  138.341227  139.499901  137.222516  0.225049  26066000  ...  0.236561  0.193656   -0.003033            3     10
2023-10-20 00:00:00-04:00  137.172577  137.711952  134.925157  0.193993  26315200  ...  0.233701  0.193280   -0.031056            4     10
2023-10-23 00:00:00-04:00  134.885188  137.502195  133.796441  0.206993  26317900  ...  0.230928  0.193078    0.013000            0     10
2023-10-24 00:00:00-04:00  137.671991  139.200236  137.262458  0.240360  44814300  ...  0.232011  0.194749    0.033367            1     10

[5 rows x 12 columns]
2024-09-08 13:42:42.270 | INFO     | sentimental_cap_predictor.features:print_nan_info:42 - Datetime index range after datetime_conversion: 2023-10-18 00:00:00-04:00 to 2024-09-06 00:00:00-04:00
2024-09-08 13:42:42.302 | INFO     | sentimental_cap_predictor.features:generate_predictions:89 - Frequency set to 'D'.
2024-09-08 13:42:42.302 | INFO     | sentimental_cap_predictor.features:print_nan_info:40 - After frequency_set: 1224 NaN values.
2024-09-08 13:42:42.302 | INFO     | sentimental_cap_predictor.features:print_nan_info:41 -                                  open        high         low     close  ...     ma_30  diff_close  day_of_week  month
date                                                                     ...                                          
2023-10-18 00:00:00-04:00  139.290131  140.558680  137.222512  0.228082  ...  0.192457   -0.025423          2.0   10.0
2023-10-19 00:00:00-04:00  138.341227  139.499901  137.222516  0.225049  ...  0.193656   -0.003033          3.0   10.0
2023-10-20 00:00:00-04:00  137.172577  137.711952  134.925157  0.193993  ...  0.193280   -0.031056          4.0   10.0
2023-10-21 00:00:00-04:00         NaN         NaN         NaN       NaN  ...       NaN         NaN          NaN    NaN
2023-10-22 00:00:00-04:00         NaN         NaN         NaN       NaN  ...       NaN         NaN          NaN    NaN

[5 rows x 12 columns]
2024-09-08 13:42:42.329 | INFO     | sentimental_cap_predictor.features:print_nan_info:42 - Datetime index range after frequency_set: 2023-10-18 00:00:00-04:00 to 2024-09-06 00:00:00-04:00
2024-09-08 13:42:42.338 | INFO     | sentimental_cap_predictor.features:print_nan_info:40 - After interpolate_after_frequency_set: 0 NaN values.
2024-09-08 13:42:42.340 | INFO     | sentimental_cap_predictor.features:print_nan_info:41 -                                  open        high         low     close  ...     ma_30  diff_close  day_of_week  month
date                                                                     ...                                          
2023-10-18 00:00:00-04:00  139.290131  140.558680  137.222512  0.228082  ...  0.192457   -0.025423     2.000000   10.0
2023-10-19 00:00:00-04:00  138.341227  139.499901  137.222516  0.225049  ...  0.193656   -0.003033     3.000000   10.0
2023-10-20 00:00:00-04:00  137.172577  137.711952  134.925157  0.193993  ...  0.193280   -0.031056     4.000000   10.0
2023-10-21 00:00:00-04:00  136.410114  137.642033  134.548918  0.198326  ...  0.193213   -0.016371     2.666667   10.0
2023-10-22 00:00:00-04:00  135.647651  137.572114  134.172680  0.202660  ...  0.193145   -0.001685     1.333333   10.0

[5 rows x 12 columns]
2024-09-08 13:42:42.362 | INFO     | sentimental_cap_predictor.features:print_nan_info:42 - Datetime index range after interpolate_after_frequency_set: 2023-10-18 00:00:00-04:00 to 2024-09-06 00:00:00-04:00
2024-09-08 13:42:42.365 | INFO     | sentimental_cap_predictor.features:generate_predictions:110 - Production mode: preparing to forecast the next 14 days.
2024-09-08 13:42:42.368 | INFO     | sentimental_cap_predictor.features:generate_predictions:120 - Applying Liquid Neural Network for non-linear feature extraction.
2024-09-08 13:43:01.393 | INFO     | sentimental_cap_predictor.features:print_nan_info:40 - After deep_learning_predictions: 4225 NaN values.
2024-09-08 13:43:01.393 | INFO     | sentimental_cap_predictor.features:print_nan_info:41 -                                  open        high         low     close  ...  diff_close  day_of_week  month  LNN_Predictions
2023-10-18 00:00:00-04:00  139.290131  140.558680  137.222512  0.228082  ...   -0.025423     2.000000   10.0              NaN
2023-10-19 00:00:00-04:00  138.341227  139.499901  137.222516  0.225049  ...   -0.003033     3.000000   10.0              NaN
2023-10-20 00:00:00-04:00  137.172577  137.711952  134.925157  0.193993  ...   -0.031056     4.000000   10.0              NaN
2023-10-21 00:00:00-04:00  136.410114  137.642033  134.548918  0.198326  ...   -0.016371     2.666667   10.0              NaN
2023-10-22 00:00:00-04:00  135.647651  137.572114  134.172680  0.202660  ...   -0.001685     1.333333   10.0              NaN

[5 rows x 13 columns]
2024-09-08 13:43:01.421 | INFO     | sentimental_cap_predictor.features:print_nan_info:42 - Datetime index range after deep_learning_predictions: 2023-10-18 00:00:00-04:00 to 2025-07-28 00:00:00-04:00
2024-09-08 13:43:01.423 | INFO     | sentimental_cap_predictor.features:generate_predictions:238 - Inverting MinMax scaling on all columns.
2024-09-08 13:43:01.435 | INFO     | sentimental_cap_predictor.features:generate_predictions:254 - Final DataFrame prepared with shape: (650, 3)
2024-09-08 13:43:01.619 | INFO     | sentimental_cap_predictor.features:generate_predictions:271 - Plot saved to D:\Programming Projects\CAP\sentimental_cap_predictor\sentimental_cap_predictor\data\processed\GOOGL_predictions_plot.png
2024-09-08 13:43:01.656 | INFO     | sentimental_cap_predictor.features:generate_predictions:281 - Final predictions saved to D:\Programming Projects\CAP\sentimental_cap_predictor\sentimental_cap_predictor\data\processed\GOOGL_final_predictions.csv
2024-09-08 13:43:01.658 | INFO     | __main__:analyze_data:67 - Result DataFrame:
2024-09-08 13:43:01.665 | INFO     | __main__:analyze_data:76 - Completed processing for ticker: GOOGL
2024-09-08 13:43:01.671 | INFO     | __main__:analyze_tickers:117 - Stock analysis completed in 211.52 seconds.
2024-09-08 13:50:22.432 | INFO     | __main__:setup_logging:39 - Logging initialized with level: DEBUG
2024-09-08 13:50:22.432 | INFO     | __main__:analyze_tickers:91 - Starting stock analysis in production mode.
2024-09-08 13:50:22.446 | INFO     | __main__:analyze_tickers:109 - Processing ticker: AAPL
2024-09-08 13:52:24.900 | INFO     | __main__:analyze_data:44 - Starting price data loading for AAPL
2024-09-08 13:52:24.918 | INFO     | __main__:analyze_data:47 - Loaded price data from D:\Programming Projects\CAP\sentimental_cap_predictor\sentimental_cap_predictor\data\raw\AAPL.feather, shape: (252, 8)
2024-09-08 13:52:24.918 | INFO     | __main__:analyze_data:54 - Starting news data loading for AAPL
2024-09-08 13:52:24.946 | INFO     | __main__:analyze_data:57 - Loaded news data from D:\Programming Projects\CAP\sentimental_cap_predictor\sentimental_cap_predictor\data\raw\AAPL_news.feather, shape: (100, 9)
2024-09-08 13:52:24.948 | INFO     | __main__:analyze_data:64 - Starting prediction process for AAPL in production mode.
2024-09-08 13:52:24.949 | INFO     | sentimental_cap_predictor.features:generate_predictions:46 - Starting prediction process for ticker: AAPL in production mode
2024-09-08 13:52:24.950 | INFO     | sentimental_cap_predictor.features:generate_predictions:52 - Price DataFrame before preprocessing:
2024-09-08 13:52:24.952 | INFO     | sentimental_cap_predictor.features:print_nan_info:40 - After loading data: 0 NaN values.
2024-09-08 13:52:24.952 | INFO     | sentimental_cap_predictor.features:print_nan_info:41 -                        date        open        high         low       close     volume  dividends  stock_splits
0 2023-09-07 00:00:00-04:00  174.288133  177.302721  172.656483  176.656021  112488800        0.0           0.0
1 2023-09-08 00:00:00-04:00  177.442021  179.322398  176.884859  177.272873   65551300        0.0           0.0
2 2023-09-11 00:00:00-04:00  179.153261  179.382086  176.437149  178.446869   58953100        0.0           0.0
3 2023-09-12 00:00:00-04:00  178.576213  179.212954  173.929990  175.402451   90370200        0.0           0.0
4 2023-09-13 00:00:00-04:00  175.611368  176.397355  173.094250  173.323090   84267900        0.0           0.0
2024-09-08 13:52:24.976 | INFO     | sentimental_cap_predictor.features:print_nan_info:42 - Datetime index range after loading data: 0 to 251
2024-09-08 13:52:24.982 | INFO     | sentimental_cap_predictor.features:generate_predictions:58 - MinMax scaling applied to 'close' prices.
2024-09-08 13:52:24.983 | INFO     | sentimental_cap_predictor.features:print_nan_info:40 - After scaling_close_prices: 0 NaN values.
2024-09-08 13:52:24.986 | INFO     | sentimental_cap_predictor.features:print_nan_info:41 -                        date        open        high         low     close     volume  dividends  stock_splits
0 2023-09-07 00:00:00-04:00  174.288133  177.302721  172.656483  0.172521  112488800        0.0           0.0
1 2023-09-08 00:00:00-04:00  177.442021  179.322398  176.884859  0.181338   65551300        0.0           0.0
2 2023-09-11 00:00:00-04:00  179.153261  179.382086  176.437149  0.198118   58953100        0.0           0.0
3 2023-09-12 00:00:00-04:00  178.576213  179.212954  173.929990  0.154604   90370200        0.0           0.0
4 2023-09-13 00:00:00-04:00  175.611368  176.397355  173.094250  0.124882   84267900        0.0           0.0
2024-09-08 13:52:25.002 | INFO     | sentimental_cap_predictor.features:print_nan_info:42 - Datetime index range after scaling_close_prices: 0 to 251
2024-09-08 13:52:25.017 | INFO     | sentimental_cap_predictor.features:print_nan_info:40 - After clean_data: 0 NaN values.
2024-09-08 13:52:25.019 | INFO     | sentimental_cap_predictor.features:print_nan_info:41 -                        date        open        high         low     close     volume  dividends  stock_splits
0 2023-09-07 00:00:00-04:00  174.288133  177.302721  172.656483  0.172521  112488800        0.0           0.0
1 2023-09-08 00:00:00-04:00  177.442021  179.322398  176.884859  0.181338   65551300        0.0           0.0
2 2023-09-11 00:00:00-04:00  179.153261  179.382086  176.437149  0.198118   58953100        0.0           0.0
3 2023-09-12 00:00:00-04:00  178.576213  179.212954  173.929990  0.154604   90370200        0.0           0.0
4 2023-09-13 00:00:00-04:00  175.611368  176.397355  173.094250  0.124882   84267900        0.0           0.0
2024-09-08 13:52:25.036 | INFO     | sentimental_cap_predictor.features:print_nan_info:42 - Datetime index range after clean_data: 0 to 251
2024-09-08 13:52:25.036 | INFO     | sentimental_cap_predictor.features:print_nan_info:40 - After handle_missing_values: 0 NaN values.
2024-09-08 13:52:25.036 | INFO     | sentimental_cap_predictor.features:print_nan_info:41 -                        date        open        high         low     close     volume  dividends  stock_splits
0 2023-09-07 00:00:00-04:00  174.288133  177.302721  172.656483  0.172521  112488800        0.0           0.0
1 2023-09-08 00:00:00-04:00  177.442021  179.322398  176.884859  0.181338   65551300        0.0           0.0
2 2023-09-11 00:00:00-04:00  179.153261  179.382086  176.437149  0.198118   58953100        0.0           0.0
3 2023-09-12 00:00:00-04:00  178.576213  179.212954  173.929990  0.154604   90370200        0.0           0.0
4 2023-09-13 00:00:00-04:00  175.611368  176.397355  173.094250  0.124882   84267900        0.0           0.0
2024-09-08 13:52:25.049 | INFO     | sentimental_cap_predictor.features:print_nan_info:42 - Datetime index range after handle_missing_values: 0 to 251
2024-09-08 13:52:25.059 | INFO     | sentimental_cap_predictor.features:generate_predictions:70 - Performing feature engineering.
2024-09-08 13:52:25.072 | INFO     | sentimental_cap_predictor.features:print_nan_info:40 - After feature_engineering: 0 NaN values.
2024-09-08 13:52:25.074 | INFO     | sentimental_cap_predictor.features:print_nan_info:41 -                         date        open        high         low     close  ...     ma_10     ma_30  diff_close  day_of_week  month
29 2023-10-18 00:00:00-04:00  174.686123  176.675941  174.218514  0.148062  ...  0.179987  0.149693   -0.018629            2     10
30 2023-10-19 00:00:00-04:00  175.143761  176.934600  174.298097  0.142658  ...  0.180769  0.148697   -0.005404            3     10
31 2023-10-20 00:00:00-04:00  174.417500  174.526940  171.761094  0.105969  ...  0.174214  0.146185   -0.036689            4     10
32 2023-10-23 00:00:00-04:00  170.039891  173.124100  169.064870  0.107675  ...  0.165696  0.143170    0.001706            0     10
33 2023-10-24 00:00:00-04:00  172.168993  172.785832  170.577133  0.113933  ...  0.158656  0.141814    0.006257            1     10

[5 rows x 13 columns]
2024-09-08 13:52:25.101 | INFO     | sentimental_cap_predictor.features:print_nan_info:42 - Datetime index range after feature_engineering: 29 to 251
2024-09-08 13:52:25.108 | INFO     | sentimental_cap_predictor.features:print_nan_info:40 - After datetime_conversion: 0 NaN values.
2024-09-08 13:52:25.111 | INFO     | sentimental_cap_predictor.features:print_nan_info:41 -                                  open        high         low     close    volume  ...     ma_10     ma_30  diff_close  day_of_week  month
date                                                                               ...                                                    
2023-10-18 00:00:00-04:00  174.686123  176.675941  174.218514  0.148062  54764400  ...  0.179987  0.149693   -0.018629            2     10
2023-10-19 00:00:00-04:00  175.143761  176.934600  174.298097  0.142658  59302900  ...  0.180769  0.148697   -0.005404            3     10
2023-10-20 00:00:00-04:00  174.417500  174.526940  171.761094  0.105969  64189300  ...  0.174214  0.146185   -0.036689            4     10
2023-10-23 00:00:00-04:00  170.039891  173.124100  169.064870  0.107675  55980100  ...  0.165696  0.143170    0.001706            0     10
2023-10-24 00:00:00-04:00  172.168993  172.785832  170.577133  0.113933  43816600  ...  0.158656  0.141814    0.006257            1     10

[5 rows x 12 columns]
2024-09-08 13:52:25.133 | INFO     | sentimental_cap_predictor.features:print_nan_info:42 - Datetime index range after datetime_conversion: 2023-10-18 00:00:00-04:00 to 2024-09-06 00:00:00-04:00
2024-09-08 13:52:25.136 | INFO     | sentimental_cap_predictor.features:generate_predictions:89 - Frequency set to 'D'.
2024-09-08 13:52:25.136 | INFO     | sentimental_cap_predictor.features:print_nan_info:40 - After frequency_set: 1224 NaN values.
2024-09-08 13:52:25.136 | INFO     | sentimental_cap_predictor.features:print_nan_info:41 -                                  open        high         low     close  ...     ma_30  diff_close  day_of_week  month
date                                                                     ...                                          
2023-10-18 00:00:00-04:00  174.686123  176.675941  174.218514  0.148062  ...  0.149693   -0.018629          2.0   10.0
2023-10-19 00:00:00-04:00  175.143761  176.934600  174.298097  0.142658  ...  0.148697   -0.005404          3.0   10.0
2023-10-20 00:00:00-04:00  174.417500  174.526940  171.761094  0.105969  ...  0.146185   -0.036689          4.0   10.0
2023-10-21 00:00:00-04:00         NaN         NaN         NaN       NaN  ...       NaN         NaN          NaN    NaN
2023-10-22 00:00:00-04:00         NaN         NaN         NaN       NaN  ...       NaN         NaN          NaN    NaN

[5 rows x 12 columns]
2024-09-08 13:52:25.161 | INFO     | sentimental_cap_predictor.features:print_nan_info:42 - Datetime index range after frequency_set: 2023-10-18 00:00:00-04:00 to 2024-09-06 00:00:00-04:00
2024-09-08 13:52:25.161 | INFO     | sentimental_cap_predictor.features:print_nan_info:40 - After interpolate_after_frequency_set: 0 NaN values.
2024-09-08 13:52:25.161 | INFO     | sentimental_cap_predictor.features:print_nan_info:41 -                                  open        high         low     close  ...     ma_30  diff_close  day_of_week  month
date                                                                     ...                                          
2023-10-18 00:00:00-04:00  174.686123  176.675941  174.218514  0.148062  ...  0.149693   -0.018629     2.000000   10.0
2023-10-19 00:00:00-04:00  175.143761  176.934600  174.298097  0.142658  ...  0.148697   -0.005404     3.000000   10.0
2023-10-20 00:00:00-04:00  174.417500  174.526940  171.761094  0.105969  ...  0.146185   -0.036689     4.000000   10.0
2023-10-21 00:00:00-04:00  172.958297  174.059327  170.862353  0.106538  ...  0.145180   -0.023891     2.666667   10.0
2023-10-22 00:00:00-04:00  171.499094  173.591713  169.963611  0.107107  ...  0.144175   -0.011092     1.333333   10.0

[5 rows x 12 columns]
2024-09-08 13:52:25.180 | INFO     | sentimental_cap_predictor.features:print_nan_info:42 - Datetime index range after interpolate_after_frequency_set: 2023-10-18 00:00:00-04:00 to 2024-09-06 00:00:00-04:00
2024-09-08 13:52:25.193 | INFO     | sentimental_cap_predictor.features:generate_predictions:110 - Production mode: preparing to forecast the next 14 days.
2024-09-08 13:52:25.195 | INFO     | sentimental_cap_predictor.features:generate_predictions:120 - Applying Liquid Neural Network for non-linear feature extraction.
2024-09-08 13:52:44.875 | INFO     | sentimental_cap_predictor.features:print_nan_info:40 - After deep_learning_predictions: 4225 NaN values.
2024-09-08 13:52:44.875 | INFO     | sentimental_cap_predictor.features:print_nan_info:41 -                                  open        high         low     close  ...  diff_close  day_of_week  month  LNN_Predictions
2023-10-18 00:00:00-04:00  174.686123  176.675941  174.218514  0.148062  ...   -0.018629     2.000000   10.0              NaN
2023-10-19 00:00:00-04:00  175.143761  176.934600  174.298097  0.142658  ...   -0.005404     3.000000   10.0              NaN
2023-10-20 00:00:00-04:00  174.417500  174.526940  171.761094  0.105969  ...   -0.036689     4.000000   10.0              NaN
2023-10-21 00:00:00-04:00  172.958297  174.059327  170.862353  0.106538  ...   -0.023891     2.666667   10.0              NaN
2023-10-22 00:00:00-04:00  171.499094  173.591713  169.963611  0.107107  ...   -0.011092     1.333333   10.0              NaN

[5 rows x 13 columns]
2024-09-08 13:52:44.895 | INFO     | sentimental_cap_predictor.features:print_nan_info:42 - Datetime index range after deep_learning_predictions: 2023-10-18 00:00:00-04:00 to 2025-07-28 00:00:00-04:00
2024-09-08 13:52:44.895 | INFO     | sentimental_cap_predictor.features:generate_predictions:238 - Inverting MinMax scaling on all columns.
2024-09-08 13:52:44.909 | INFO     | sentimental_cap_predictor.features:generate_predictions:254 - Final DataFrame prepared with shape: (650, 3)
2024-09-08 13:52:45.337 | INFO     | sentimental_cap_predictor.features:generate_predictions:271 - Plot saved to D:\Programming Projects\CAP\sentimental_cap_predictor\sentimental_cap_predictor\data\processed\AAPL_predictions_plot.png
2024-09-08 13:52:45.383 | INFO     | sentimental_cap_predictor.features:generate_predictions:281 - Final predictions saved to D:\Programming Projects\CAP\sentimental_cap_predictor\sentimental_cap_predictor\data\processed\AAPL_final_predictions.csv
2024-09-08 13:52:45.386 | INFO     | __main__:analyze_data:67 - Result DataFrame:
2024-09-08 13:52:45.402 | INFO     | __main__:analyze_data:76 - Completed processing for ticker: AAPL
2024-09-08 13:52:45.404 | INFO     | __main__:analyze_tickers:109 - Processing ticker: GOOGL
2024-09-08 13:53:37.668 | INFO     | __main__:analyze_data:44 - Starting price data loading for GOOGL
2024-09-08 13:53:37.672 | INFO     | __main__:analyze_data:47 - Loaded price data from D:\Programming Projects\CAP\sentimental_cap_predictor\sentimental_cap_predictor\data\raw\GOOGL.feather, shape: (252, 8)
2024-09-08 13:53:37.687 | INFO     | __main__:analyze_data:54 - Starting news data loading for GOOGL
2024-09-08 13:53:37.693 | INFO     | __main__:analyze_data:57 - Loaded news data from D:\Programming Projects\CAP\sentimental_cap_predictor\sentimental_cap_predictor\data\raw\GOOGL_news.feather, shape: (100, 9)
2024-09-08 13:53:37.705 | INFO     | __main__:analyze_data:64 - Starting prediction process for GOOGL in production mode.
2024-09-08 13:53:37.706 | INFO     | sentimental_cap_predictor.features:generate_predictions:46 - Starting prediction process for ticker: GOOGL in production mode
2024-09-08 13:53:37.709 | INFO     | sentimental_cap_predictor.features:generate_predictions:52 - Price DataFrame before preprocessing:
2024-09-08 13:53:37.712 | INFO     | sentimental_cap_predictor.features:print_nan_info:40 - After loading data: 0 NaN values.
2024-09-08 13:53:37.713 | INFO     | sentimental_cap_predictor.features:print_nan_info:41 -                        date        open        high         low       close    volume  dividends  stock_splits
0 2023-09-07 00:00:00-04:00  133.436851  135.424575  132.797585  135.104935  18844300        0.0           0.0
1 2023-09-08 00:00:00-04:00  134.755347  136.503341  134.695418  136.223663  23558300        0.0           0.0
2 2023-09-11 00:00:00-04:00  136.383462  137.322387  135.634322  136.763031  20763400        0.0           0.0
3 2023-09-12 00:00:00-04:00  136.103788  136.713090  135.035023  135.184845  18405500        0.0           0.0
4 2023-09-13 00:00:00-04:00  134.935130  136.743053  133.996206  136.553284  20749500        0.0           0.0
2024-09-08 13:53:37.730 | INFO     | sentimental_cap_predictor.features:print_nan_info:42 - Datetime index range after loading data: 0 to 251
2024-09-08 13:53:37.739 | INFO     | sentimental_cap_predictor.features:generate_predictions:58 - MinMax scaling applied to 'close' prices.
2024-09-08 13:53:37.742 | INFO     | sentimental_cap_predictor.features:print_nan_info:40 - After scaling_close_prices: 0 NaN values.
2024-09-08 13:53:37.744 | INFO     | sentimental_cap_predictor.features:print_nan_info:41 -                        date        open        high         low     close    volume  dividends  stock_splits
0 2023-09-07 00:00:00-04:00  133.436851  135.424575  132.797585  0.189081  18844300        0.0           0.0
1 2023-09-08 00:00:00-04:00  134.755347  136.503341  134.695418  0.205260  23558300        0.0           0.0
2 2023-09-11 00:00:00-04:00  136.383462  137.322387  135.634322  0.213060  20763400        0.0           0.0
3 2023-09-12 00:00:00-04:00  136.103788  136.713090  135.035023  0.190237  18405500        0.0           0.0
4 2023-09-13 00:00:00-04:00  134.935130  136.743053  133.996206  0.210026  20749500        0.0           0.0
2024-09-08 13:53:37.761 | INFO     | sentimental_cap_predictor.features:print_nan_info:42 - Datetime index range after scaling_close_prices: 0 to 251
2024-09-08 13:53:37.768 | INFO     | sentimental_cap_predictor.features:print_nan_info:40 - After clean_data: 0 NaN values.
2024-09-08 13:53:37.773 | INFO     | sentimental_cap_predictor.features:print_nan_info:41 -                        date        open        high         low     close    volume  dividends  stock_splits
0 2023-09-07 00:00:00-04:00  133.436851  135.424575  132.797585  0.189081  18844300        0.0           0.0
1 2023-09-08 00:00:00-04:00  134.755347  136.503341  134.695418  0.205260  23558300        0.0           0.0
2 2023-09-11 00:00:00-04:00  136.383462  137.322387  135.634322  0.213060  20763400        0.0           0.0
3 2023-09-12 00:00:00-04:00  136.103788  136.713090  135.035023  0.190237  18405500        0.0           0.0
4 2023-09-13 00:00:00-04:00  134.935130  136.743053  133.996206  0.210026  20749500        0.0           0.0
2024-09-08 13:53:37.780 | INFO     | sentimental_cap_predictor.features:print_nan_info:42 - Datetime index range after clean_data: 0 to 251
2024-09-08 13:53:37.792 | INFO     | sentimental_cap_predictor.features:print_nan_info:40 - After handle_missing_values: 0 NaN values.
2024-09-08 13:53:37.794 | INFO     | sentimental_cap_predictor.features:print_nan_info:41 -                        date        open        high         low     close    volume  dividends  stock_splits
0 2023-09-07 00:00:00-04:00  133.436851  135.424575  132.797585  0.189081  18844300        0.0           0.0
1 2023-09-08 00:00:00-04:00  134.755347  136.503341  134.695418  0.205260  23558300        0.0           0.0
2 2023-09-11 00:00:00-04:00  136.383462  137.322387  135.634322  0.213060  20763400        0.0           0.0
3 2023-09-12 00:00:00-04:00  136.103788  136.713090  135.035023  0.190237  18405500        0.0           0.0
4 2023-09-13 00:00:00-04:00  134.935130  136.743053  133.996206  0.210026  20749500        0.0           0.0
2024-09-08 13:53:37.814 | INFO     | sentimental_cap_predictor.features:print_nan_info:42 - Datetime index range after handle_missing_values: 0 to 251
2024-09-08 13:53:37.815 | INFO     | sentimental_cap_predictor.features:generate_predictions:70 - Performing feature engineering.
2024-09-08 13:53:37.824 | INFO     | sentimental_cap_predictor.features:print_nan_info:40 - After feature_engineering: 0 NaN values.
2024-09-08 13:53:37.826 | INFO     | sentimental_cap_predictor.features:print_nan_info:41 -                         date        open        high         low     close  ...     ma_10     ma_30  diff_close  day_of_week  month
29 2023-10-18 00:00:00-04:00  139.290131  140.558680  137.222512  0.228082  ...  0.232690  0.192457   -0.025423            2     10
30 2023-10-19 00:00:00-04:00  138.341227  139.499901  137.222516  0.225049  ...  0.236561  0.193656   -0.003033            3     10
31 2023-10-20 00:00:00-04:00  137.172577  137.711952  134.925157  0.193993  ...  0.233701  0.193280   -0.031056            4     10
32 2023-10-23 00:00:00-04:00  134.885188  137.502195  133.796441  0.206993  ...  0.230928  0.193078    0.013000            0     10
33 2023-10-24 00:00:00-04:00  137.671991  139.200236  137.262458  0.240360  ...  0.232011  0.194749    0.033367            1     10

[5 rows x 13 columns]
2024-09-08 13:53:37.845 | INFO     | sentimental_cap_predictor.features:print_nan_info:42 - Datetime index range after feature_engineering: 29 to 251
2024-09-08 13:53:37.846 | INFO     | sentimental_cap_predictor.features:print_nan_info:40 - After datetime_conversion: 0 NaN values.
2024-09-08 13:53:37.846 | INFO     | sentimental_cap_predictor.features:print_nan_info:41 -                                  open        high         low     close    volume  ...     ma_10     ma_30  diff_close  day_of_week  month
date                                                                               ...                                                    
2023-10-18 00:00:00-04:00  139.290131  140.558680  137.222512  0.228082  23375000  ...  0.232690  0.192457   -0.025423            2     10
2023-10-19 00:00:00-04:00  138.341227  139.499901  137.222516  0.225049  26066000  ...  0.236561  0.193656   -0.003033            3     10
2023-10-20 00:00:00-04:00  137.172577  137.711952  134.925157  0.193993  26315200  ...  0.233701  0.193280   -0.031056            4     10
2023-10-23 00:00:00-04:00  134.885188  137.502195  133.796441  0.206993  26317900  ...  0.230928  0.193078    0.013000            0     10
2023-10-24 00:00:00-04:00  137.671991  139.200236  137.262458  0.240360  44814300  ...  0.232011  0.194749    0.033367            1     10

[5 rows x 12 columns]
2024-09-08 13:53:37.874 | INFO     | sentimental_cap_predictor.features:print_nan_info:42 - Datetime index range after datetime_conversion: 2023-10-18 00:00:00-04:00 to 2024-09-06 00:00:00-04:00
2024-09-08 13:53:37.880 | INFO     | sentimental_cap_predictor.features:generate_predictions:89 - Frequency set to 'D'.
2024-09-08 13:53:37.882 | INFO     | sentimental_cap_predictor.features:print_nan_info:40 - After frequency_set: 1224 NaN values.
2024-09-08 13:53:37.883 | INFO     | sentimental_cap_predictor.features:print_nan_info:41 -                                  open        high         low     close  ...     ma_30  diff_close  day_of_week  month
date                                                                     ...                                          
2023-10-18 00:00:00-04:00  139.290131  140.558680  137.222512  0.228082  ...  0.192457   -0.025423          2.0   10.0
2023-10-19 00:00:00-04:00  138.341227  139.499901  137.222516  0.225049  ...  0.193656   -0.003033          3.0   10.0
2023-10-20 00:00:00-04:00  137.172577  137.711952  134.925157  0.193993  ...  0.193280   -0.031056          4.0   10.0
2023-10-21 00:00:00-04:00         NaN         NaN         NaN       NaN  ...       NaN         NaN          NaN    NaN
2023-10-22 00:00:00-04:00         NaN         NaN         NaN       NaN  ...       NaN         NaN          NaN    NaN

[5 rows x 12 columns]
2024-09-08 13:53:37.905 | INFO     | sentimental_cap_predictor.features:print_nan_info:42 - Datetime index range after frequency_set: 2023-10-18 00:00:00-04:00 to 2024-09-06 00:00:00-04:00
2024-09-08 13:53:37.912 | INFO     | sentimental_cap_predictor.features:print_nan_info:40 - After interpolate_after_frequency_set: 0 NaN values.
2024-09-08 13:53:37.912 | INFO     | sentimental_cap_predictor.features:print_nan_info:41 -                                  open        high         low     close  ...     ma_30  diff_close  day_of_week  month
date                                                                     ...                                          
2023-10-18 00:00:00-04:00  139.290131  140.558680  137.222512  0.228082  ...  0.192457   -0.025423     2.000000   10.0
2023-10-19 00:00:00-04:00  138.341227  139.499901  137.222516  0.225049  ...  0.193656   -0.003033     3.000000   10.0
2023-10-20 00:00:00-04:00  137.172577  137.711952  134.925157  0.193993  ...  0.193280   -0.031056     4.000000   10.0
2023-10-21 00:00:00-04:00  136.410114  137.642033  134.548918  0.198326  ...  0.193213   -0.016371     2.666667   10.0
2023-10-22 00:00:00-04:00  135.647651  137.572114  134.172680  0.202660  ...  0.193145   -0.001685     1.333333   10.0

[5 rows x 12 columns]
2024-09-08 13:53:37.940 | INFO     | sentimental_cap_predictor.features:print_nan_info:42 - Datetime index range after interpolate_after_frequency_set: 2023-10-18 00:00:00-04:00 to 2024-09-06 00:00:00-04:00
2024-09-08 13:53:37.943 | INFO     | sentimental_cap_predictor.features:generate_predictions:110 - Production mode: preparing to forecast the next 14 days.
2024-09-08 13:53:37.945 | INFO     | sentimental_cap_predictor.features:generate_predictions:120 - Applying Liquid Neural Network for non-linear feature extraction.
2024-09-08 13:53:57.189 | INFO     | sentimental_cap_predictor.features:print_nan_info:40 - After deep_learning_predictions: 4225 NaN values.
2024-09-08 13:53:57.202 | INFO     | sentimental_cap_predictor.features:print_nan_info:41 -                                  open        high         low     close  ...  diff_close  day_of_week  month  LNN_Predictions
2023-10-18 00:00:00-04:00  139.290131  140.558680  137.222512  0.228082  ...   -0.025423     2.000000   10.0              NaN
2023-10-19 00:00:00-04:00  138.341227  139.499901  137.222516  0.225049  ...   -0.003033     3.000000   10.0              NaN
2023-10-20 00:00:00-04:00  137.172577  137.711952  134.925157  0.193993  ...   -0.031056     4.000000   10.0              NaN
2023-10-21 00:00:00-04:00  136.410114  137.642033  134.548918  0.198326  ...   -0.016371     2.666667   10.0              NaN
2023-10-22 00:00:00-04:00  135.647651  137.572114  134.172680  0.202660  ...   -0.001685     1.333333   10.0              NaN

[5 rows x 13 columns]
2024-09-08 13:53:57.222 | INFO     | sentimental_cap_predictor.features:print_nan_info:42 - Datetime index range after deep_learning_predictions: 2023-10-18 00:00:00-04:00 to 2025-07-28 00:00:00-04:00
2024-09-08 13:53:57.225 | INFO     | sentimental_cap_predictor.features:generate_predictions:238 - Inverting MinMax scaling on all columns.
2024-09-08 13:53:57.235 | INFO     | sentimental_cap_predictor.features:generate_predictions:254 - Final DataFrame prepared with shape: (650, 3)
2024-09-08 13:53:57.447 | INFO     | sentimental_cap_predictor.features:generate_predictions:271 - Plot saved to D:\Programming Projects\CAP\sentimental_cap_predictor\sentimental_cap_predictor\data\processed\GOOGL_predictions_plot.png
2024-09-08 13:53:57.475 | INFO     | sentimental_cap_predictor.features:generate_predictions:281 - Final predictions saved to D:\Programming Projects\CAP\sentimental_cap_predictor\sentimental_cap_predictor\data\processed\GOOGL_final_predictions.csv
2024-09-08 13:53:57.477 | INFO     | __main__:analyze_data:67 - Result DataFrame:
2024-09-08 13:53:57.486 | INFO     | __main__:analyze_data:76 - Completed processing for ticker: GOOGL
2024-09-08 13:53:57.489 | INFO     | __main__:analyze_tickers:117 - Stock analysis completed in 215.06 seconds.
2024-09-08 14:04:15.555 | INFO     | __main__:setup_logging:45 - Logging initialized with level: DEBUG
2024-09-08 14:04:15.555 | INFO     | __main__:analyze_tickers:97 - Starting stock analysis in production mode.
2024-09-08 14:04:15.555 | INFO     | __main__:analyze_tickers:115 - Processing ticker: NVDA
2024-09-08 14:05:33.957 | INFO     | __main__:analyze_data:50 - Starting price data loading for NVDA
2024-09-08 14:05:33.981 | INFO     | __main__:analyze_data:53 - Loaded price data from D:\Programming Projects\CAP\sentimental_cap_predictor\sentimental_cap_predictor\data\raw\NVDA.feather, shape: (253, 8)
2024-09-08 14:05:33.981 | INFO     | __main__:analyze_data:60 - Starting news data loading for NVDA
2024-09-08 14:05:34.004 | INFO     | __main__:analyze_data:63 - Loaded news data from D:\Programming Projects\CAP\sentimental_cap_predictor\sentimental_cap_predictor\data\raw\NVDA_news.feather, shape: (100, 9)
2024-09-08 14:05:34.007 | INFO     | __main__:analyze_data:70 - Starting prediction process for NVDA in production mode.
2024-09-08 14:05:34.009 | INFO     | sentimental_cap_predictor.features:generate_predictions:46 - Starting prediction process for ticker: NVDA in production mode
2024-09-08 14:05:34.010 | INFO     | sentimental_cap_predictor.features:generate_predictions:52 - Price DataFrame before preprocessing:
2024-09-08 14:05:34.013 | INFO     | sentimental_cap_predictor.features:print_nan_info:40 - After loading data: 0 NaN values.
2024-09-08 14:05:34.014 | INFO     | sentimental_cap_predictor.features:print_nan_info:41 -                        date      close       high        low       open     volume  dividends  stock_splits
0 2023-09-06 00:00:00-04:00  46.230965  46.333943  45.142200  45.515120          0      0.004           0.0
1 2023-09-07 00:00:00-04:00  46.230965  46.333943  45.142200  45.515120  433330000      0.000           0.0
2 2023-09-08 00:00:00-04:00  45.562115  46.595891  45.261181  45.932037  473069000      0.000           0.0
3 2023-09-11 00:00:00-04:00  45.168198  46.152981  44.302384  46.137985  473966000      0.000           0.0
4 2023-09-12 00:00:00-04:00  44.860264  45.663091  44.521337  44.728292  349256000      0.000           0.0
2024-09-08 14:05:34.022 | INFO     | sentimental_cap_predictor.features:print_nan_info:42 - Datetime index range after loading data: 0 to 252
2024-09-08 14:05:34.037 | INFO     | sentimental_cap_predictor.features:generate_predictions:58 - MinMax scaling applied to 'close' prices.
2024-09-08 14:05:34.039 | INFO     | sentimental_cap_predictor.features:print_nan_info:40 - After scaling_close_prices: 0 NaN values.
2024-09-08 14:05:34.043 | INFO     | sentimental_cap_predictor.features:print_nan_info:41 -                        date     close       high        low       open     volume  dividends  stock_splits
0 2023-09-06 00:00:00-04:00  0.062078  46.333943  45.142200  45.515120          0      0.004           0.0
1 2023-09-07 00:00:00-04:00  0.062078  46.333943  45.142200  45.515120  433330000      0.000           0.0
2 2023-09-08 00:00:00-04:00  0.055057  46.595891  45.261181  45.932037  473069000      0.000           0.0
3 2023-09-11 00:00:00-04:00  0.050922  46.152981  44.302384  46.137985  473966000      0.000           0.0
4 2023-09-12 00:00:00-04:00  0.047689  45.663091  44.521337  44.728292  349256000      0.000           0.0
2024-09-08 14:05:34.059 | INFO     | sentimental_cap_predictor.features:print_nan_info:42 - Datetime index range after scaling_close_prices: 0 to 252
2024-09-08 14:05:34.064 | INFO     | sentimental_cap_predictor.features:print_nan_info:40 - After clean_data: 0 NaN values.
2024-09-08 14:05:34.064 | INFO     | sentimental_cap_predictor.features:print_nan_info:41 -                        date     close       high        low       open     volume  dividends  stock_splits
0 2023-09-06 00:00:00-04:00  0.062078  46.333943  45.142200  45.515120          0      0.004           0.0
1 2023-09-07 00:00:00-04:00  0.062078  46.333943  45.142200  45.515120  433330000      0.000           0.0
2 2023-09-08 00:00:00-04:00  0.055057  46.595891  45.261181  45.932037  473069000      0.000           0.0
3 2023-09-11 00:00:00-04:00  0.050922  46.152981  44.302384  46.137985  473966000      0.000           0.0
4 2023-09-12 00:00:00-04:00  0.047689  45.663091  44.521337  44.728292  349256000      0.000           0.0
2024-09-08 14:05:34.082 | INFO     | sentimental_cap_predictor.features:print_nan_info:42 - Datetime index range after clean_data: 0 to 252
2024-09-08 14:05:34.084 | INFO     | sentimental_cap_predictor.features:print_nan_info:40 - After handle_missing_values: 0 NaN values.
2024-09-08 14:05:34.086 | INFO     | sentimental_cap_predictor.features:print_nan_info:41 -                        date     close       high        low       open     volume  dividends  stock_splits
0 2023-09-06 00:00:00-04:00  0.062078  46.333943  45.142200  45.515120          0      0.004           0.0
1 2023-09-07 00:00:00-04:00  0.062078  46.333943  45.142200  45.515120  433330000      0.000           0.0
2 2023-09-08 00:00:00-04:00  0.055057  46.595891  45.261181  45.932037  473069000      0.000           0.0
3 2023-09-11 00:00:00-04:00  0.050922  46.152981  44.302384  46.137985  473966000      0.000           0.0
4 2023-09-12 00:00:00-04:00  0.047689  45.663091  44.521337  44.728292  349256000      0.000           0.0
2024-09-08 14:05:34.101 | INFO     | sentimental_cap_predictor.features:print_nan_info:42 - Datetime index range after handle_missing_values: 0 to 252
2024-09-08 14:05:34.102 | INFO     | sentimental_cap_predictor.features:generate_predictions:70 - Performing feature engineering.
2024-09-08 14:05:34.113 | INFO     | sentimental_cap_predictor.features:print_nan_info:40 - After feature_engineering: 0 NaN values.
2024-09-08 14:05:34.115 | INFO     | sentimental_cap_predictor.features:print_nan_info:41 -                         date     close       high        low       open  ...     ma_10     ma_30  diff_close  day_of_week  month
29 2023-10-17 00:00:00-04:00  0.037908  44.744292  42.470783  43.990454  ...  0.054099  0.042657   -0.022638            1     10
30 2023-10-18 00:00:00-04:00  0.019626  43.209625  41.815926  42.581759  ...  0.052162  0.041242   -0.018282            2     10
31 2023-10-19 00:00:00-04:00  0.018629  43.287609  41.872915  42.801714  ...  0.049447  0.039794   -0.000997            3     10
32 2023-10-20 00:00:00-04:00  0.011135  42.460786  41.069086  41.880910  ...  0.044856  0.038329   -0.007493            4     10
33 2023-10-23 00:00:00-04:00  0.027801  43.238623  40.936121  41.220059  ...  0.042444  0.037559    0.016666            0     10

[5 rows x 13 columns]
2024-09-08 14:05:34.136 | INFO     | sentimental_cap_predictor.features:print_nan_info:42 - Datetime index range after feature_engineering: 29 to 252
2024-09-08 14:05:34.137 | DEBUG    | sentimental_cap_predictor.features:generate_predictions:76 - Converting 'date' column to datetime format.
2024-09-08 14:05:34.142 | INFO     | sentimental_cap_predictor.features:print_nan_info:40 - After datetime_conversion: 0 NaN values.
2024-09-08 14:05:34.142 | INFO     | sentimental_cap_predictor.features:print_nan_info:41 -                               close       high        low       open     volume  ...     ma_10     ma_30  diff_close  day_of_week  month
date                                                                             ...                                                    
2023-10-17 00:00:00-04:00  0.037908  44.744292  42.470783  43.990454  812333000  ...  0.054099  0.042657   -0.022638            1     10
2023-10-18 00:00:00-04:00  0.019626  43.209625  41.815926  42.581759  627294000  ...  0.052162  0.041242   -0.018282            2     10
2023-10-19 00:00:00-04:00  0.018629  43.287609  41.872915  42.801714  501233000  ...  0.049447  0.039794   -0.000997            3     10
2023-10-20 00:00:00-04:00  0.011135  42.460786  41.069086  41.880910  477266000  ...  0.044856  0.038329   -0.007493            4     10
2023-10-23 00:00:00-04:00  0.027801  43.238623  40.936121  41.220059  478530000  ...  0.042444  0.037559    0.016666            0     10

[5 rows x 12 columns]
2024-09-08 14:05:34.165 | INFO     | sentimental_cap_predictor.features:print_nan_info:42 - Datetime index range after datetime_conversion: 2023-10-17 00:00:00-04:00 to 2024-09-06 00:00:00-04:00
2024-09-08 14:05:34.165 | DEBUG    | sentimental_cap_predictor.features:generate_predictions:87 - Setting frequency to 'D' for datetime index.
2024-09-08 14:05:34.176 | INFO     | sentimental_cap_predictor.features:generate_predictions:89 - Frequency set to 'D'.
2024-09-08 14:05:34.178 | INFO     | sentimental_cap_predictor.features:print_nan_info:40 - After frequency_set: 1224 NaN values.
2024-09-08 14:05:34.179 | INFO     | sentimental_cap_predictor.features:print_nan_info:41 -                               close       high        low       open       volume  ...     ma_10     ma_30  diff_close  day_of_week  month
date                                                                               ...                                                    
2023-10-17 00:00:00-04:00  0.037908  44.744292  42.470783  43.990454  812333000.0  ...  0.054099  0.042657   -0.022638          1.0   10.0
2023-10-18 00:00:00-04:00  0.019626  43.209625  41.815926  42.581759  627294000.0  ...  0.052162  0.041242   -0.018282          2.0   10.0
2023-10-19 00:00:00-04:00  0.018629  43.287609  41.872915  42.801714  501233000.0  ...  0.049447  0.039794   -0.000997          3.0   10.0
2023-10-20 00:00:00-04:00  0.011135  42.460786  41.069086  41.880910  477266000.0  ...  0.044856  0.038329   -0.007493          4.0   10.0
2023-10-21 00:00:00-04:00       NaN        NaN        NaN        NaN          NaN  ...       NaN       NaN         NaN          NaN    NaN

[5 rows x 12 columns]
2024-09-08 14:05:34.205 | INFO     | sentimental_cap_predictor.features:print_nan_info:42 - Datetime index range after frequency_set: 2023-10-17 00:00:00-04:00 to 2024-09-06 00:00:00-04:00
2024-09-08 14:05:34.205 | INFO     | sentimental_cap_predictor.features:print_nan_info:40 - After interpolate_after_frequency_set: 0 NaN values.
2024-09-08 14:05:34.205 | INFO     | sentimental_cap_predictor.features:print_nan_info:41 -                               close       high        low       open  ...     ma_30  diff_close  day_of_week  month
date                                                                  ...                                          
2023-10-17 00:00:00-04:00  0.037908  44.744292  42.470783  43.990454  ...  0.042657   -0.022638     1.000000   10.0
2023-10-18 00:00:00-04:00  0.019626  43.209625  41.815926  42.581759  ...  0.041242   -0.018282     2.000000   10.0
2023-10-19 00:00:00-04:00  0.018629  43.287609  41.872915  42.801714  ...  0.039794   -0.000997     3.000000   10.0
2023-10-20 00:00:00-04:00  0.011135  42.460786  41.069086  41.880910  ...  0.038329   -0.007493     4.000000   10.0
2023-10-21 00:00:00-04:00  0.016691  42.720065  41.024764  41.660627  ...  0.038073    0.000560     2.666667   10.0

[5 rows x 12 columns]
2024-09-08 14:05:34.240 | INFO     | sentimental_cap_predictor.features:print_nan_info:42 - Datetime index range after interpolate_after_frequency_set: 2023-10-17 00:00:00-04:00 to 2024-09-06 00:00:00-04:00
2024-09-08 14:05:34.242 | INFO     | sentimental_cap_predictor.features:generate_predictions:110 - Production mode: preparing to forecast the next 14 days.
2024-09-08 14:05:34.244 | DEBUG    | sentimental_cap_predictor.features:generate_predictions:117 - Last true value in the dataset: 0.6562139929758096
2024-09-08 14:05:34.244 | INFO     | sentimental_cap_predictor.features:generate_predictions:120 - Applying Liquid Neural Network for non-linear feature extraction.
2024-09-08 14:05:53.854 | INFO     | sentimental_cap_predictor.features:print_nan_info:40 - After deep_learning_predictions: 4238 NaN values.
2024-09-08 14:05:53.854 | INFO     | sentimental_cap_predictor.features:print_nan_info:41 -                               close       high        low       open  ...  diff_close  day_of_week  month  LNN_Predictions
2023-10-17 00:00:00-04:00  0.037908  44.744292  42.470783  43.990454  ...   -0.022638     1.000000   10.0              NaN
2023-10-18 00:00:00-04:00  0.019626  43.209625  41.815926  42.581759  ...   -0.018282     2.000000   10.0              NaN
2023-10-19 00:00:00-04:00  0.018629  43.287609  41.872915  42.801714  ...   -0.000997     3.000000   10.0              NaN
2023-10-20 00:00:00-04:00  0.011135  42.460786  41.069086  41.880910  ...   -0.007493     4.000000   10.0              NaN
2023-10-21 00:00:00-04:00  0.016691  42.720065  41.024764  41.660627  ...    0.000560     2.666667   10.0              NaN

[5 rows x 13 columns]
2024-09-08 14:05:53.882 | INFO     | sentimental_cap_predictor.features:print_nan_info:42 - Datetime index range after deep_learning_predictions: 2023-10-17 00:00:00-04:00 to 2025-07-29 00:00:00-04:00
2024-09-08 14:05:53.882 | INFO     | sentimental_cap_predictor.features:generate_predictions:238 - Inverting MinMax scaling on all columns.
2024-09-08 14:05:53.894 | INFO     | sentimental_cap_predictor.features:generate_predictions:254 - Final DataFrame prepared with shape: (652, 3)
2024-09-08 14:05:54.379 | INFO     | sentimental_cap_predictor.features:generate_predictions:271 - Plot saved to D:\Programming Projects\CAP\sentimental_cap_predictor\sentimental_cap_predictor\data\processed\NVDA_predictions_plot.png
2024-09-08 14:05:54.410 | INFO     | sentimental_cap_predictor.features:generate_predictions:281 - Final predictions saved to D:\Programming Projects\CAP\sentimental_cap_predictor\sentimental_cap_predictor\data\processed\NVDA_final_predictions.csv
2024-09-08 14:05:54.411 | INFO     | __main__:analyze_data:73 - Result DataFrame:
2024-09-08 14:05:54.431 | INFO     | __main__:analyze_data:82 - Completed processing for ticker: NVDA
2024-09-08 14:05:54.431 | INFO     | __main__:analyze_tickers:115 - Processing ticker: TSLA
2024-09-29 18:29:38.908 | INFO     | analyze_batch:setup_logging:47 - Logging initialized with level: DEBUG
2024-09-29 18:29:39.207 | INFO     | analyze_batch:analyze_tickers:71 - Starting stock analysis in production mode.
2024-09-29 18:29:39.207 | INFO     | analyze_batch:analyze_tickers:74 - Processed directory does not exist. Creating: data\processed
2024-09-29 18:29:39.296 | INFO     | analyze_batch:analyze_tickers:130 - Processing ticker: NVDA
2024-09-29 18:29:47.402 | ERROR    | analyze_batch:process_ticker:118 - Failed to process ticker NVDA: Cannot save file into a non-existent directory: 'data\raw'
2024-09-29 18:29:47.402 | INFO     | analyze_batch:analyze_tickers:130 - Processing ticker:  TSLA
2024-09-29 18:29:49.313 | ERROR    | analyze_batch:process_ticker:87 - Data file for ticker  TSLA not found at data\raw\ TSLA.feather. Skipping...
2024-09-29 18:29:49.313 | INFO     | analyze_batch:analyze_tickers:130 - Processing ticker:  PLTR
2024-09-29 18:29:51.115 | ERROR    | analyze_batch:process_ticker:87 - Data file for ticker  PLTR not found at data\raw\ PLTR.feather. Skipping...
2024-09-29 18:29:51.115 | INFO     | analyze_batch:analyze_tickers:130 - Processing ticker:  SQ
2024-09-29 18:29:52.740 | ERROR    | analyze_batch:process_ticker:87 - Data file for ticker  SQ not found at data\raw\ SQ.feather. Skipping...
2024-09-29 18:29:52.741 | INFO     | analyze_batch:analyze_tickers:130 - Processing ticker:  ROKU
2024-09-29 18:29:54.567 | ERROR    | analyze_batch:process_ticker:87 - Data file for ticker  ROKU not found at data\raw\ ROKU.feather. Skipping...
2024-09-29 18:29:54.576 | INFO     | analyze_batch:analyze_tickers:130 - Processing ticker:  ZG
2024-09-29 18:29:56.268 | ERROR    | analyze_batch:process_ticker:87 - Data file for ticker  ZG not found at data\raw\ ZG.feather. Skipping...
2024-09-29 18:29:56.268 | INFO     | analyze_batch:analyze_tickers:130 - Processing ticker:  CRWD
2024-09-29 18:29:57.965 | ERROR    | analyze_batch:process_ticker:87 - Data file for ticker  CRWD not found at data\raw\ CRWD.feather. Skipping...
2024-09-29 18:29:57.965 | INFO     | analyze_batch:analyze_tickers:130 - Processing ticker:  U
2024-09-29 18:29:59.652 | ERROR    | analyze_batch:process_ticker:87 - Data file for ticker  U not found at data\raw\ U.feather. Skipping...
2024-09-29 18:29:59.655 | INFO     | analyze_batch:analyze_tickers:130 - Processing ticker:  PINS
2024-09-29 18:30:01.614 | ERROR    | analyze_batch:process_ticker:87 - Data file for ticker  PINS not found at data\raw\ PINS.feather. Skipping...
2024-09-29 18:30:01.614 | INFO     | analyze_batch:analyze_tickers:130 - Processing ticker:  SHOP
2024-09-29 18:30:03.178 | ERROR    | analyze_batch:process_ticker:87 - Data file for ticker  SHOP not found at data\raw\ SHOP.feather. Skipping...
2024-09-29 18:30:03.178 | INFO     | analyze_batch:analyze_tickers:130 - Processing ticker:  SNOW
2024-09-29 18:30:04.947 | ERROR    | analyze_batch:process_ticker:87 - Data file for ticker  SNOW not found at data\raw\ SNOW.feather. Skipping...
2024-09-29 18:30:04.949 | INFO     | analyze_batch:analyze_tickers:130 - Processing ticker:  DDOG
2024-09-29 18:30:06.718 | ERROR    | analyze_batch:process_ticker:87 - Data file for ticker  DDOG not found at data\raw\ DDOG.feather. Skipping...
2024-09-29 18:30:06.718 | INFO     | analyze_batch:analyze_tickers:130 - Processing ticker:  FVRR
2024-09-29 18:30:08.596 | ERROR    | analyze_batch:process_ticker:87 - Data file for ticker  FVRR not found at data\raw\ FVRR.feather. Skipping...
2024-09-29 18:30:08.604 | INFO     | analyze_batch:analyze_tickers:130 - Processing ticker:  HIMS
2024-09-29 18:30:10.417 | ERROR    | analyze_batch:process_ticker:87 - Data file for ticker  HIMS not found at data\raw\ HIMS.feather. Skipping...
2024-09-29 18:30:10.417 | INFO     | analyze_batch:analyze_tickers:130 - Processing ticker:  AI
2024-09-29 18:30:12.092 | ERROR    | analyze_batch:process_ticker:87 - Data file for ticker  AI not found at data\raw\ AI.feather. Skipping...
2024-09-29 18:30:12.092 | INFO     | analyze_batch:analyze_tickers:130 - Processing ticker:  TWLO
2024-09-29 18:30:13.877 | ERROR    | analyze_batch:process_ticker:87 - Data file for ticker  TWLO not found at data\raw\ TWLO.feather. Skipping...
2024-09-29 18:30:13.879 | INFO     | analyze_batch:analyze_tickers:130 - Processing ticker: ENPH
2024-09-29 18:30:13.977 | ERROR    | analyze_batch:process_ticker:118 - Failed to process ticker ENPH: Cannot save file into a non-existent directory: 'data\raw'
2024-09-29 18:30:13.978 | INFO     | analyze_batch:analyze_tickers:130 - Processing ticker: MRNA
2024-09-29 18:30:14.089 | ERROR    | analyze_batch:process_ticker:118 - Failed to process ticker MRNA: Cannot save file into a non-existent directory: 'data\raw'
2024-09-29 18:30:14.090 | INFO     | analyze_batch:analyze_tickers:130 - Processing ticker:  BYND
